Running: fuse.exe -relaunch -intstyle "ise" -incremental -lib "unisims_ver" -lib "unimacro_ver" -lib "xilinxcorelib_ver" -o "C:/Users/Raim/Documents/Diseno Logico Digital/PatoHunter/TB_main_isim_beh.exe" -prj "C:/Users/Raim/Documents/Diseno Logico Digital/PatoHunter/TB_main_beh.prj" "work.TB_main" "work.glbl" 
ISim P.20131013 (signature 0x8ef4fb42)
Number of CPUs detected in this system: 1
Turning on mult-threading, number of parallel sub-compilation jobs: 0 
Determining compilation order of HDL files
Analyzing Verilog file "C:/Users/Raim/Documents/Diseno Logico Digital/PatoHunter/Ducks_Rom.v" into library work
Analyzing Verilog file "C:/Users/Raim/Documents/Diseno Logico Digital/PatoHunter/VGA_LOGIC.v" into library work
Analyzing Verilog file "C:/Users/Raim/Documents/Diseno Logico Digital/PatoHunter/Shot_Drawer.v" into library work
Analyzing Verilog file "C:/Users/Raim/Documents/Diseno Logico Digital/PatoHunter/Gun.v" into library work
Analyzing Verilog file "C:/Users/Raim/Documents/Diseno Logico Digital/PatoHunter/Ducks_Drawer.v" into library work
Analyzing Verilog file "C:/Users/Raim/Documents/Diseno Logico Digital/PatoHunter/Control_Drawer.v" into library work
Analyzing Verilog file "C:/Users/Raim/Documents/Diseno Logico Digital/PatoHunter/Main.v" into library work
Analyzing Verilog file "C:/Users/Raim/Documents/Diseno Logico Digital/PatoHunter/TB_main.v" into library work
Analyzing Verilog file "C:/Xilinx/14.7/ISE_DS/ISE//verilog/src/glbl.v" into library work
Starting static elaboration
Completed static elaboration
Fuse Memory Usage: 99948 KB
Fuse CPU Usage: 202 ms
Compiling module Ducks_Rom
Compiling module Ducks_Drawer
Compiling module Gun
Compiling module Shot_Drawer
Compiling module Control_Drawer
Compiling module VGA_LOGIC
Compiling module Main
Compiling module TB_main
Compiling module glbl
Time Resolution for simulation is 1ps.
Compiled 9 Verilog Units
Built simulation executable C:/Users/Raim/Documents/Diseno Logico Digital/PatoHunter/TB_main_isim_beh.exe
Fuse Memory Usage: 103512 KB
Fuse CPU Usage: 218 ms
