ISim log file
Running: C:\Users\Raim\Documents\Diseno Logico Digital\PatoHunter\tb_duckDrawer_isim_beh.exe -intstyle ise -gui -tclbatch isim.cmd -wdb C:/Users/Raim/Documents/Diseno Logico Digital/PatoHunter/tb_duckDrawer_isim_beh.wdb 
INFO: There is another simulation running in the same directory. Using database file name isim1.wdb.
ISim P.20131013 (signature 0x8ef4fb42)
This is a Full version of ISim.
Time resolution is 1 ps
# onerror resume
# wave add /
# run 8000 us
Simulator is doing circuit initialization process.
Finished circuit initialization process.
INFO: There is another simulation running in the same directory. Using database file name isim1.wdb.
ISim P.20131013 (signature 0x8ef4fb42)
This is a Full version of ISim.
# run 8000 us
Simulator is doing circuit initialization process.
Finished circuit initialization process.
INFO: There is another simulation running in the same directory. Using database file name isim1.wdb.
ISim P.20131013 (signature 0x8ef4fb42)
This is a Full version of ISim.
# run 8000 us
Simulator is doing circuit initialization process.
Finished circuit initialization process.
INFO: There is another simulation running in the same directory. Using database file name isim1.wdb.
ISim P.20131013 (signature 0x8ef4fb42)
This is a Full version of ISim.
# run 8000 us
Simulator is doing circuit initialization process.
Finished circuit initialization process.
INFO: There is another simulation running in the same directory. Using database file name isim1.wdb.
ISim P.20131013 (signature 0x8ef4fb42)
This is a Full version of ISim.
# run 8000 us
Simulator is doing circuit initialization process.
Finished circuit initialization process.
INFO: There is another simulation running in the same directory. Using database file name isim1.wdb.
ISim P.20131013 (signature 0x8ef4fb42)
This is a Full version of ISim.
# run 8000 us
Simulator is doing circuit initialization process.
Finished circuit initialization process.
INFO: There is another simulation running in the same directory. Using database file name isim1.wdb.
ISim P.20131013 (signature 0x8ef4fb42)
This is a Full version of ISim.
# run 8000 us
Simulator is doing circuit initialization process.
Finished circuit initialization process.
INFO: There is another simulation running in the same directory. Using database file name isim1.wdb.
ISim P.20131013 (signature 0x8ef4fb42)
This is a Full version of ISim.
# run 8000 us
Simulator is doing circuit initialization process.
Finished circuit initialization process.
INFO: There is another simulation running in the same directory. Using database file name isim1.wdb.
ISim P.20131013 (signature 0x8ef4fb42)
This is a Full version of ISim.
# run 8000 us
Simulator is doing circuit initialization process.
Finished circuit initialization process.
INFO: There is another simulation running in the same directory. Using database file name isim1.wdb.
ISim P.20131013 (signature 0x8ef4fb42)
This is a Full version of ISim.
# run 8000 us
Simulator is doing circuit initialization process.
Finished circuit initialization process.
