Release 14.7 - xst P.20131013 (nt)
Copyright (c) 1995-2013 Xilinx, Inc.  All rights reserved.
--> Parameter TMPDIR set to xst/projnav.tmp


Total REAL time to Xst completion: 0.00 secs
Total CPU time to Xst completion: 0.08 secs
 
--> Parameter xsthdpdir set to xst


Total REAL time to Xst completion: 0.00 secs
Total CPU time to Xst completion: 0.08 secs
 
--> Reading design: Main.prj

TABLE OF CONTENTS
  1) Synthesis Options Summary
  2) HDL Compilation
  3) Design Hierarchy Analysis
  4) HDL Analysis
  5) HDL Synthesis
     5.1) HDL Synthesis Report
  6) Advanced HDL Synthesis
     6.1) Advanced HDL Synthesis Report
  7) Low Level Synthesis
  8) Partition Report
  9) Final Report
	9.1) Device utilization summary
	9.2) Partition Resource Summary
	9.3) TIMING REPORT


=========================================================================
*                      Synthesis Options Summary                        *
=========================================================================
---- Source Parameters
Input File Name                    : "Main.prj"
Input Format                       : mixed
Ignore Synthesis Constraint File   : NO

---- Target Parameters
Output File Name                   : "Main"
Output Format                      : NGC
Target Device                      : xc3s500e-5-ft256

---- Source Options
Top Module Name                    : Main
Automatic FSM Extraction           : YES
FSM Encoding Algorithm             : Auto
Safe Implementation                : No
FSM Style                          : LUT
RAM Extraction                     : Yes
RAM Style                          : Auto
ROM Extraction                     : Yes
Mux Style                          : Auto
Decoder Extraction                 : YES
Priority Encoder Extraction        : Yes
Shift Register Extraction          : YES
Logical Shifter Extraction         : YES
XOR Collapsing                     : YES
ROM Style                          : Auto
Mux Extraction                     : Yes
Resource Sharing                   : YES
Asynchronous To Synchronous        : NO
Multiplier Style                   : Auto
Automatic Register Balancing       : No

---- Target Options
Add IO Buffers                     : YES
Global Maximum Fanout              : 100000
Add Generic Clock Buffer(BUFG)     : 24
Register Duplication               : YES
Slice Packing                      : YES
Optimize Instantiated Primitives   : NO
Use Clock Enable                   : Yes
Use Synchronous Set                : Yes
Use Synchronous Reset              : Yes
Pack IO Registers into IOBs        : Auto
Equivalent register Removal        : YES

---- General Options
Optimization Goal                  : Speed
Optimization Effort                : 1
Keep Hierarchy                     : No
Netlist Hierarchy                  : As_Optimized
RTL Output                         : Yes
Global Optimization                : AllClockNets
Read Cores                         : YES
Write Timing Constraints           : NO
Cross Clock Analysis               : NO
Hierarchy Separator                : /
Bus Delimiter                      : <>
Case Specifier                     : Maintain
Slice Utilization Ratio            : 100
BRAM Utilization Ratio             : 100
Verilog 2001                       : YES
Auto BRAM Packing                  : NO
Slice Utilization Ratio Delta      : 5

=========================================================================


=========================================================================
*                          HDL Compilation                              *
=========================================================================
Compiling verilog file "Ducks_Rom.v" in library work
Compiling verilog file "VGA_LOGIC.v" in library work
Module <Ducks_Rom> compiled
Compiling verilog file "Shot_Builder.v" in library work
Module <VGA_LOGIC> compiled
Compiling verilog file "Gun.v" in library work
Module <Shot_Builder> compiled
Compiling verilog file "Ducks_Drawer.v" in library work
Module <Gun> compiled
Compiling verilog file "Control_Drawer.v" in library work
Module <Ducks_Drawer> compiled
Compiling verilog file "Comparator.v" in library work
Module <Control_Drawer> compiled
Compiling verilog file "Bullet_Drawer.v" in library work
Module <Comparator> compiled
Compiling verilog file "Main.v" in library work
Module <Bullet_Drawer> compiled
Module <Main> compiled
No errors in compilation
Analysis of file <"Main.prj"> succeeded.
 

=========================================================================
*                     Design Hierarchy Analysis                         *
=========================================================================
Analyzing hierarchy for module <Main> in library <work>.

Analyzing hierarchy for module <Ducks_Drawer> in library <work> with parameters.
	counterX_limit = "00000000000000001110101001100000"
	counterY_limit = "00000000000000111111011110100000"
	initial_posX = "01001010010"
	initial_posY = "0010010110"
	shouldIntercalate = "00000000000000000000000000000000"
	uPOrDown = "00000000000000000000000000000001"

Analyzing hierarchy for module <Gun> in library <work>.

Analyzing hierarchy for module <Shot_Builder> in library <work>.

Analyzing hierarchy for module <Bullet_Drawer> in library <work>.

Analyzing hierarchy for module <Comparator> in library <work>.

Analyzing hierarchy for module <Control_Drawer> in library <work>.

Analyzing hierarchy for module <VGA_LOGIC> in library <work>.

Analyzing hierarchy for module <Ducks_Rom> in library <work>.

WARNING:Xst:2591 - "Main.v" line 24: attribute on instance <CLKFX_DIVIDE> overrides generic/parameter on entity. It is possible that simulator will not take this attribute into account.
WARNING:Xst:2591 - "Main.v" line 24: attribute on instance <CLKFX_MULTIPLY> overrides generic/parameter on entity. It is possible that simulator will not take this attribute into account.

=========================================================================
*                            HDL Analysis                               *
=========================================================================
Analyzing top module <Main>.
Module <Main> is correct for synthesis.
 
    Set user-defined property "CLKDV_DIVIDE =  2.000000" for instance <vga_clock_dcm> in unit <Main>.
    Set user-defined property "CLKFX_DIVIDE =  4" for instance <vga_clock_dcm> in unit <Main>.
    Set user-defined property "CLKFX_MULTIPLY =  2" for instance <vga_clock_dcm> in unit <Main>.
    Set user-defined property "CLKIN_DIVIDE_BY_2 =  FALSE" for instance <vga_clock_dcm> in unit <Main>.
    Set user-defined property "CLKIN_PERIOD =  10.000000" for instance <vga_clock_dcm> in unit <Main>.
    Set user-defined property "CLKOUT_PHASE_SHIFT =  NONE" for instance <vga_clock_dcm> in unit <Main>.
    Set user-defined property "CLK_FEEDBACK =  1X" for instance <vga_clock_dcm> in unit <Main>.
    Set user-defined property "DESKEW_ADJUST =  SYSTEM_SYNCHRONOUS" for instance <vga_clock_dcm> in unit <Main>.
    Set user-defined property "DFS_FREQUENCY_MODE =  LOW" for instance <vga_clock_dcm> in unit <Main>.
    Set user-defined property "DLL_FREQUENCY_MODE =  LOW" for instance <vga_clock_dcm> in unit <Main>.
    Set user-defined property "DSS_MODE =  NONE" for instance <vga_clock_dcm> in unit <Main>.
    Set user-defined property "DUTY_CYCLE_CORRECTION =  TRUE" for instance <vga_clock_dcm> in unit <Main>.
    Set user-defined property "FACTORY_JF =  C080" for instance <vga_clock_dcm> in unit <Main>.
    Set user-defined property "PHASE_SHIFT =  0" for instance <vga_clock_dcm> in unit <Main>.
    Set user-defined property "SIM_MODE =  SAFE" for instance <vga_clock_dcm> in unit <Main>.
    Set user-defined property "STARTUP_WAIT =  FALSE" for instance <vga_clock_dcm> in unit <Main>.
Analyzing module <Ducks_Drawer> in library <work>.
	counterX_limit = 32'sb00000000000000001110101001100000
	counterY_limit = 32'sb00000000000000111111011110100000
	initial_posX = 11'sb01001010010
	initial_posY = 10'sb0010010110
	shouldIntercalate = 32'sb00000000000000000000000000000000
	uPOrDown = 32'sb00000000000000000000000000000001
Module <Ducks_Drawer> is correct for synthesis.
 
Analyzing module <Ducks_Rom> in library <work>.
INFO:Xst:2546 - "Ducks_Rom.v" line 13: reading initialization file "shootDuck_r.mif".
WARNING:Xst:905 - "Ducks_Rom.v" line 10: One or more signals are missing in the sensitivity list of always block. To enable synthesis of FPGA/CPLD hardware, XST will assume that all necessary signals are present in the sensitivity list. Please note that the result of the synthesis may differ from the initial design specification. The missing signals are:
   <rom_content>
Module <Ducks_Rom> is correct for synthesis.
 
Analyzing module <Gun> in library <work>.
Module <Gun> is correct for synthesis.
 
Analyzing module <Shot_Builder> in library <work>.
Module <Shot_Builder> is correct for synthesis.
 
Analyzing module <Bullet_Drawer> in library <work>.
Module <Bullet_Drawer> is correct for synthesis.
 
Analyzing module <Comparator> in library <work>.
Module <Comparator> is correct for synthesis.
 
Analyzing module <Control_Drawer> in library <work>.
Module <Control_Drawer> is correct for synthesis.
 
Analyzing module <VGA_LOGIC> in library <work>.
Module <VGA_LOGIC> is correct for synthesis.
 

=========================================================================
*                           HDL Synthesis                               *
=========================================================================

Performing bidirectional port resolution...
INFO:Xst:2679 - Register <data> in unit <Gun> has a constant value of 000000 during circuit operation. The register is replaced by logic.
INFO:Xst:2679 - Register <valid<1>> in unit <Shot_Builder> has a constant value of 0 during circuit operation. The register is replaced by logic.
INFO:Xst:2679 - Register <valid<2>> in unit <Shot_Builder> has a constant value of 0 during circuit operation. The register is replaced by logic.
INFO:Xst:2679 - Register <valid<3>> in unit <Shot_Builder> has a constant value of 0 during circuit operation. The register is replaced by logic.
INFO:Xst:2679 - Register <valid<4>> in unit <Shot_Builder> has a constant value of 0 during circuit operation. The register is replaced by logic.
INFO:Xst:2679 - Register <valid<5>> in unit <Shot_Builder> has a constant value of 0 during circuit operation. The register is replaced by logic.
INFO:Xst:2679 - Register <valid<6>> in unit <Shot_Builder> has a constant value of 0 during circuit operation. The register is replaced by logic.
INFO:Xst:2679 - Register <valid<7>> in unit <Shot_Builder> has a constant value of 0 during circuit operation. The register is replaced by logic.
INFO:Xst:2679 - Register <i> in unit <Shot_Builder> has a constant value of 1000 during circuit operation. The register is replaced by logic.
INFO:Xst:2679 - Register <decrementar> in unit <Shot_Builder> has a constant value of 0 during circuit operation. The register is replaced by logic.

Synthesizing Unit <Gun>.
    Related source file is "Gun.v".
WARNING:Xst:647 - Input <fire> is never used. This port will be preserved and left unconnected if it belongs to a top-level block or it belongs to a sub-block and the hierarchy of this sub-block is preserved.
    Found 1-bit register for signal <draw>.
    Found 10-bit register for signal <pos_x>.
    Found 10-bit adder carry out for signal <add0000$addsub0000> created at line 29.
    Found 10-bit adder carry out for signal <add0001$addsub0000> created at line 20.
    Found 10-bit adder carry out for signal <add0002$addsub0000> created at line 20.
    Found 16-bit up counter for signal <contador>.
    Found 16-bit comparator greatequal for signal <contador$cmp_ge0000> created at line 36.
    Found 10-bit comparator greatequal for signal <draw$cmp_ge0000> created at line 29.
    Found 11-bit comparator greatequal for signal <draw$cmp_ge0001> created at line 20.
    Found 10-bit comparator greater for signal <draw$cmp_gt0000> created at line 27.
    Found 10-bit comparator greater for signal <draw$cmp_gt0001> created at line 19.
    Found 11-bit comparator lessequal for signal <draw$cmp_le0000> created at line 29.
    Found 10-bit comparator lessequal for signal <draw$cmp_le0001> created at line 19.
    Found 11-bit comparator lessequal for signal <draw$cmp_le0002> created at line 20.
    Found 10-bit comparator less for signal <draw$cmp_lt0000> created at line 27.
    Found 10-bit updown counter for signal <offset>.
    Found 10-bit comparator greatequal for signal <offset$cmp_ge0000> created at line 43.
    Found 10-bit comparator lessequal for signal <offset$cmp_le0000> created at line 39.
    Found 16-bit comparator less for signal <offset$cmp_lt0000> created at line 36.
    Found 16-bit adder for signal <old_contador_7$add0000> created at line 35.
    Found 10-bit adder for signal <pos_x$add0000> created at line 23.
    Found 11-bit comparator greater for signal <pos_x$cmp_gt0000> created at line 20.
    Found 10-bit comparator lessequal for signal <pos_x$cmp_le0000> created at line 19.
    Found 11-bit comparator less for signal <pos_x$cmp_lt0000> created at line 20.
    Summary:
	inferred   2 Counter(s).
	inferred  11 D-type flip-flop(s).
	inferred   5 Adder/Subtractor(s).
	inferred  15 Comparator(s).
Unit <Gun> synthesized.


Synthesizing Unit <Shot_Builder>.
    Related source file is "Shot_Builder.v".
WARNING:Xst:646 - Signal <validBit2> is assigned but never used. This unconnected signal will be trimmed during the optimization process.
WARNING:Xst:646 - Signal <position_y> is assigned but never used. This unconnected signal will be trimmed during the optimization process.
WARNING:Xst:653 - Signal <X_Positions<1:7>> is used but never assigned. This sourceless signal will be automatically connected to value 0000000000.
    Found 3-bit up counter for signal <contador_balas>.
    Found 3-bit up counter for signal <address>.
    Found 1-bit 8-to-1 multiplexer for signal <bitDebuggin>.
    Found 16-bit up counter for signal <contador>.
    Found 16-bit comparator greatequal for signal <contador$cmp_ge0000> created at line 94.
    Found 3-bit up counter for signal <debug_address>.
    Found 1-bit register for signal <fin>.
    Found 1-bit register for signal <instantiate>.
    Found 3-bit up counter for signal <new_address>.
    Found 16-bit adder for signal <old_contador_8$add0000> created at line 93.
    Found 16-bit comparator greatequal for signal <old_decrementar_10$cmp_ge0000> created at line 94.
    Found 1-bit register for signal <shouldInstantiate>.
    Found 1-bit register for signal <valid<0>>.
    Found 32-bit comparator greatequal for signal <valid_0$cmp_ge0000> created at line 119.
    Found 1-bit 8-to-1 multiplexer for signal <valid_Bit>.
    Found 10-bit register for signal <X_Positions<0>>.
    Found 80-bit register for signal <Y_Positions>.
    Found 10-bit subtractor for signal <Y_Positions_0$addsub0000> created at line 120.
    Found 32-bit comparator less for signal <Y_Positions_0$cmp_lt0000> created at line 119.
    Found 32-bit comparator less for signal <Y_Positions_1$cmp_lt0000> created at line 124.
    Found 10-bit subtractor for signal <Y_Positions_1$sub0000> created at line 125.
    Found 32-bit comparator less for signal <Y_Positions_2$cmp_lt0000> created at line 129.
    Found 10-bit subtractor for signal <Y_Positions_2$sub0000> created at line 130.
    Found 32-bit comparator less for signal <Y_Positions_3$cmp_lt0000> created at line 134.
    Found 10-bit subtractor for signal <Y_Positions_3$sub0000> created at line 135.
    Found 32-bit comparator less for signal <Y_Positions_4$cmp_lt0000> created at line 139.
    Found 10-bit subtractor for signal <Y_Positions_4$sub0000> created at line 140.
    Found 32-bit comparator less for signal <Y_Positions_5$cmp_lt0000> created at line 144.
    Found 10-bit subtractor for signal <Y_Positions_5$sub0000> created at line 145.
    Found 32-bit comparator less for signal <Y_Positions_6$cmp_lt0000> created at line 149.
    Found 10-bit subtractor for signal <Y_Positions_6$sub0000> created at line 150.
    Found 32-bit comparator less for signal <Y_Positions_7$cmp_lt0000> created at line 154.
    Found 10-bit subtractor for signal <Y_Positions_7$sub0000> created at line 155.
    Summary:
	inferred   5 Counter(s).
	inferred  94 D-type flip-flop(s).
	inferred   9 Adder/Subtractor(s).
	inferred  11 Comparator(s).
	inferred   2 Multiplexer(s).
Unit <Shot_Builder> synthesized.


Synthesizing Unit <Bullet_Drawer>.
    Related source file is "Bullet_Drawer.v".
    Found 1-bit register for signal <draw>.
    Found 11-bit adder for signal <add0000$add0000> created at line 16.
    Found 10-bit adder carry out for signal <add0001$addsub0000> created at line 17.
    Found 11-bit comparator greatequal for signal <draw$cmp_ge0000> created at line 17.
    Found 11-bit comparator greater for signal <draw$cmp_gt0000> created at line 16.
    Found 10-bit comparator less for signal <draw$cmp_lt0000> created at line 16.
    Found 10-bit comparator less for signal <draw$cmp_lt0001> created at line 17.
    Summary:
	inferred   1 D-type flip-flop(s).
	inferred   2 Adder/Subtractor(s).
	inferred   4 Comparator(s).
Unit <Bullet_Drawer> synthesized.


Synthesizing Unit <Comparator>.
    Related source file is "Comparator.v".
    Found 12-bit adder for signal <$add0000> created at line 11.
    Found 11-bit adder for signal <$add0001> created at line 11.
    Found 12-bit adder for signal <$add0002> created at line 16.
    Found 11-bit adder for signal <$add0003> created at line 16.
    Found 11-bit comparator greatequal for signal <collision$cmp_ge0000> created at line 11.
    Found 10-bit comparator greatequal for signal <collision$cmp_ge0001> created at line 11.
    Found 11-bit comparator greatequal for signal <collision$cmp_ge0002> created at line 16.
    Found 10-bit comparator greatequal for signal <collision$cmp_ge0003> created at line 16.
    Found 12-bit comparator lessequal for signal <collision$cmp_le0000> created at line 11.
    Found 11-bit comparator lessequal for signal <collision$cmp_le0001> created at line 11.
    Found 12-bit comparator lessequal for signal <collision$cmp_le0002> created at line 16.
    Found 11-bit comparator lessequal for signal <collision$cmp_le0003> created at line 16.
    Summary:
	inferred   4 Adder/Subtractor(s).
	inferred   8 Comparator(s).
Unit <Comparator> synthesized.


Synthesizing Unit <Control_Drawer>.
    Related source file is "Control_Drawer.v".
    Found 1-bit register for signal <draw>.
    Found 6-bit register for signal <data>.
    Summary:
	inferred   7 D-type flip-flop(s).
Unit <Control_Drawer> synthesized.


Synthesizing Unit <VGA_LOGIC>.
    Related source file is "VGA_LOGIC.v".
WARNING:Xst:1780 - Signal <contColumn> is never used or assigned. This unconnected signal will be trimmed during the optimization process.
    Found 1-bit register for signal <vsync>.
    Found 2-bit register for signal <blue_out>.
    Found 2-bit register for signal <red_out>.
    Found 2-bit register for signal <green_out>.
    Found 1-bit register for signal <hsync>.
    Found 6-bit register for signal <color>.
    Found 10-bit comparator less for signal <color$cmp_lt0000> created at line 60.
    Found 10-bit comparator less for signal <color$cmp_lt0001> created at line 63.
    Found 10-bit register for signal <hcount>.
    Found 10-bit comparator greatequal for signal <hsync$cmp_ge0000> created at line 42.
    Found 10-bit comparator less for signal <hsync$cmp_lt0000> created at line 42.
    Found 10-bit adder for signal <old_hcount_13$addsub0000> created at line 33.
    Found 10-bit adder for signal <old_vcount_12$addsub0000> created at line 30.
    Found 10-bit comparator less for signal <red_out$cmp_lt0000> created at line 48.
    Found 10-bit comparator less for signal <red_out$cmp_lt0001> created at line 48.
    Found 10-bit register for signal <vcount>.
    Found 10-bit comparator greatequal for signal <vsync$cmp_ge0000> created at line 36.
    Found 10-bit comparator less for signal <vsync$cmp_lt0000> created at line 36.
    Summary:
	inferred  34 D-type flip-flop(s).
	inferred   2 Adder/Subtractor(s).
	inferred   8 Comparator(s).
Unit <VGA_LOGIC> synthesized.


Synthesizing Unit <Ducks_Rom>.
    Related source file is "Ducks_Rom.v".
WARNING:Xst:1781 - Signal <rom_content> is used but never assigned. Tied to default value.
    Found 2048x6-bit ROM for signal <data>.
    Summary:
	inferred   1 ROM(s).
Unit <Ducks_Rom> synthesized.


Synthesizing Unit <Ducks_Drawer>.
    Related source file is "Ducks_Drawer.v".
    Found 1-bit register for signal <draw>.
    Found 11-bit register for signal <pos_x>.
    Found 10-bit register for signal <pos_y>.
    Found 11-bit adder for signal <add0000$add0000> created at line 64.
    Found 11-bit up counter for signal <address>.
    Found 12-bit comparator greatequal for signal <address$cmp_ge0000> created at line 66.
    Found 12-bit comparator less for signal <address$cmp_lt0000> created at line 66.
    Found 5-bit up counter for signal <cont>.
    Found 19-bit comparator greatequal for signal <cont$cmp_ge0000> created at line 35.
    Found 17-bit up counter for signal <contadorX>.
    Found 17-bit comparator greater for signal <contadorX$cmp_gt0000> created at line 57.
    Found 18-bit up counter for signal <contadorY>.
    Found 19-bit comparator greatequal for signal <contadorY$cmp_ge0000> created at line 35.
    Found 12-bit adder for signal <draw$add0000> created at line 66.
    Found 11-bit comparator greatequal for signal <draw$cmp_ge0000> created at line 64.
    Found 12-bit comparator greatequal for signal <draw$cmp_ge0001> created at line 66.
    Found 10-bit comparator less for signal <draw$cmp_lt0000> created at line 64.
    Found 12-bit comparator less for signal <draw$cmp_lt0001> created at line 66.
    Found 5-bit register for signal <offset_y>.
    Found 17-bit adder for signal <old_contadorX_4$add0000> created at line 56.
    Found 18-bit adder for signal <old_contadorY_1$add0000> created at line 34.
    Found 5-bit adder for signal <old_offset_y_2$addsub0000>.
    Found 11-bit subtractor for signal <old_pos_x_5$addsub0000> created at line 59.
    Found 17-bit comparator greater for signal <old_pos_x_5$cmp_gt0000> created at line 57.
    Found 32-bit comparator less for signal <old_pos_x_6$cmp_lt0000> created at line 61.
    Found 10-bit adder for signal <old_pos_y_3$addsub0000> created at line 48.
    Found 1-bit register for signal <shouldStop>.
    Found 11-bit comparator greatequal for signal <shouldStop$cmp_ge0000> created at line 51.
    Found 32-bit comparator lessequal for signal <shouldStop$cmp_le0000> created at line 51.
    Found 19-bit comparator less for signal <shouldStop$cmp_lt0000> created at line 35.
    Summary:
	inferred   4 Counter(s).
	inferred  28 D-type flip-flop(s).
	inferred   7 Adder/Subtractor(s).
	inferred  14 Comparator(s).
Unit <Ducks_Drawer> synthesized.


Synthesizing Unit <Main>.
    Related source file is "Main.v".
WARNING:Xst:1780 - Signal <shot_data> is never used or assigned. This unconnected signal will be trimmed during the optimization process.
WARNING:Xst:646 - Signal <gun_data> is assigned but never used. This unconnected signal will be trimmed during the optimization process.
Unit <Main> synthesized.


=========================================================================
HDL Synthesis Report

Macro Statistics
# ROMs                                                 : 1
 2048x6-bit ROM                                        : 1
# Adders/Subtractors                                   : 43
 10-bit adder                                          : 4
 10-bit adder carry out                                : 11
 10-bit subtractor                                     : 8
 11-bit adder                                          : 11
 11-bit subtractor                                     : 1
 12-bit adder                                          : 3
 16-bit adder                                          : 2
 17-bit adder                                          : 1
 18-bit adder                                          : 1
 5-bit adder                                           : 1
# Counters                                             : 9
 10-bit updown counter                                 : 1
 11-bit up counter                                     : 1
 16-bit up counter                                     : 2
 17-bit up counter                                     : 1
 18-bit up counter                                     : 1
 3-bit up counter                                      : 3
# Registers                                            : 38
 1-bit register                                        : 18
 10-bit register                                       : 13
 11-bit register                                       : 1
 2-bit register                                        : 3
 5-bit register                                        : 1
 6-bit register                                        : 2
# Comparators                                          : 88
 10-bit comparator greatequal                          : 6
 10-bit comparator greater                             : 2
 10-bit comparator less                                : 24
 10-bit comparator lessequal                           : 3
 11-bit comparator greatequal                          : 13
 11-bit comparator greater                             : 9
 11-bit comparator less                                : 1
 11-bit comparator lessequal                           : 4
 12-bit comparator greatequal                          : 2
 12-bit comparator less                                : 2
 12-bit comparator lessequal                           : 2
 16-bit comparator greatequal                          : 3
 16-bit comparator less                                : 1
 17-bit comparator greater                             : 2
 19-bit comparator greatequal                          : 2
 19-bit comparator less                                : 1
 32-bit comparator greatequal                          : 1
 32-bit comparator less                                : 9
 32-bit comparator lessequal                           : 1
# Multiplexers                                         : 2
 1-bit 8-to-1 multiplexer                              : 2

=========================================================================

=========================================================================
*                       Advanced HDL Synthesis                          *
=========================================================================


Synthesizing (advanced) Unit <Ducks_Drawer>.
The following registers are absorbed into accumulator <pos_y>: 1 register on signal <pos_y>.
Unit <Ducks_Drawer> synthesized (advanced).

=========================================================================
Advanced HDL Synthesis Report

Macro Statistics
# ROMs                                                 : 1
 2048x6-bit ROM                                        : 1
# Adders/Subtractors                                   : 43
 10-bit adder                                          : 4
 10-bit adder carry out                                : 11
 10-bit subtractor                                     : 8
 11-bit adder                                          : 11
 11-bit subtractor                                     : 1
 12-bit adder                                          : 3
 16-bit adder                                          : 2
 17-bit adder                                          : 1
 18-bit adder                                          : 1
 5-bit adder                                           : 1
# Counters                                             : 8
 10-bit updown counter                                 : 1
 11-bit up counter                                     : 1
 16-bit up counter                                     : 2
 17-bit up counter                                     : 1
 18-bit up counter                                     : 1
 3-bit up counter                                      : 2
# Accumulators                                         : 1
 10-bit up loadable accumulator                        : 1
# Registers                                            : 171
 Flip-Flops                                            : 171
# Comparators                                          : 88
 10-bit comparator greatequal                          : 6
 10-bit comparator greater                             : 2
 10-bit comparator less                                : 24
 10-bit comparator lessequal                           : 3
 11-bit comparator greatequal                          : 13
 11-bit comparator greater                             : 9
 11-bit comparator less                                : 1
 11-bit comparator lessequal                           : 4
 12-bit comparator greatequal                          : 2
 12-bit comparator less                                : 2
 12-bit comparator lessequal                           : 2
 16-bit comparator greatequal                          : 3
 16-bit comparator less                                : 1
 17-bit comparator greater                             : 2
 19-bit comparator greatequal                          : 2
 19-bit comparator less                                : 1
 32-bit comparator greatequal                          : 1
 32-bit comparator less                                : 9
 32-bit comparator lessequal                           : 1

=========================================================================

=========================================================================
*                         Low Level Synthesis                           *
=========================================================================
INFO:Xst:1901 - Instance vga_clock_dcm in unit Main of type DCM has been replaced by DCM_SP

Optimizing unit <Main> ...

Optimizing unit <Gun> ...

Optimizing unit <Shot_Builder> ...

Optimizing unit <Bullet_Drawer> ...

Optimizing unit <Comparator> ...

Optimizing unit <Control_Drawer> ...

Optimizing unit <VGA_LOGIC> ...

Optimizing unit <Ducks_Drawer> ...
WARNING:Xst:1710 - FF/Latch <offset_y_0> (without init value) has a constant value of 1 in block <Ducks_Drawer>. This FF/Latch will be trimmed during the optimization process.

Mapping all equations...
Building and optimizing final netlist ...
Found area constraint ratio of 100 (+ 5) on block Main, actual ratio is 18.
FlipFlop DD/address_0 has been replicated 2 time(s)
FlipFlop DD/address_1 has been replicated 2 time(s)
FlipFlop DD/address_2 has been replicated 1 time(s)
FlipFlop DD/address_3 has been replicated 1 time(s)

Final Macro Processing ...

=========================================================================
Final Register Report

Macro Statistics
# Registers                                            : 280
 Flip-Flops                                            : 280

=========================================================================

=========================================================================
*                           Partition Report                            *
=========================================================================

Partition Implementation Status
-------------------------------

  No Partitions were found in this design.

-------------------------------

=========================================================================
*                            Final Report                               *
=========================================================================
Final Results
RTL Top Level Output File Name     : Main.ngr
Top Level Output File Name         : Main
Output Format                      : NGC
Optimization Goal                  : Speed
Keep Hierarchy                     : No

Design Statistics
# IOs                              : 21

Cell Usage :
# BELS                             : 3017
#      GND                         : 1
#      INV                         : 284
#      LUT1                        : 272
#      LUT2                        : 395
#      LUT2_D                      : 3
#      LUT2_L                      : 2
#      LUT3                        : 172
#      LUT3_D                      : 14
#      LUT3_L                      : 5
#      LUT4                        : 346
#      LUT4_D                      : 11
#      LUT4_L                      : 14
#      MULT_AND                    : 11
#      MUXCY                       : 944
#      MUXF5                       : 104
#      MUXF6                       : 23
#      MUXF7                       : 4
#      VCC                         : 1
#      XORCY                       : 411
# FlipFlops/Latches                : 280
#      FD                          : 11
#      FDE                         : 112
#      FDR                         : 108
#      FDRE                        : 38
#      FDRS                        : 1
#      FDRSE                       : 1
#      FDS                         : 9
# Clock Buffers                    : 1
#      BUFG                        : 1
# IO Buffers                       : 21
#      IBUF                        : 4
#      IBUFG                       : 1
#      OBUF                        : 16
# DCMs                             : 1
#      DCM_SP                      : 1
=========================================================================

Device utilization summary:
---------------------------

Selected Device : 3s500eft256-5 

 Number of Slices:                      802  out of   4656    17%  
 Number of Slice Flip Flops:            280  out of   9312     3%  
 Number of 4 input LUTs:               1518  out of   9312    16%  
 Number of IOs:                          21
 Number of bonded IOBs:                  21  out of    190    11%  
 Number of GCLKs:                         1  out of     24     4%  
 Number of DCMs:                          1  out of      4    25%  

---------------------------
Partition Resource Summary:
---------------------------

  No Partitions were found in this design.

---------------------------


=========================================================================
TIMING REPORT

NOTE: THESE TIMING NUMBERS ARE ONLY A SYNTHESIS ESTIMATE.
      FOR ACCURATE TIMING INFORMATION PLEASE REFER TO THE TRACE REPORT
      GENERATED AFTER PLACE-and-ROUTE.

Clock Information:
------------------
-----------------------------------+------------------------+-------+
Clock Signal                       | Clock buffer(FF name)  | Load  |
-----------------------------------+------------------------+-------+
clk50mhz                           | vga_clock_dcm:CLKFX    | 273   |
clk50mhz                           | IBUFG                  | 7     |
-----------------------------------+------------------------+-------+

Asynchronous Control Signals Information:
----------------------------------------
No asynchronous control signals found in this design

Timing Summary:
---------------
Speed Grade: -5

   Minimum period: 8.454ns (Maximum Frequency: 118.281MHz)
   Minimum input arrival time before clock: 5.056ns
   Maximum output required time after clock: 4.182ns
   Maximum combinational path delay: No path found

Timing Detail:
--------------
All values displayed in nanoseconds (ns)

=========================================================================
Timing constraint: Default period analysis for Clock 'clk50mhz'
  Clock period: 8.454ns (frequency: 118.281MHz)
  Total number of paths / destination ports: 3281085 / 535
-------------------------------------------------------------------------
Delay:               8.454ns (Levels of Logic = 9)
  Source:            DD/address_4 (FF)
  Destination:       CD/data_3 (FF)
  Source Clock:      clk50mhz rising 0.5X
  Destination Clock: clk50mhz rising

  Data Path: DD/address_4 to CD/data_3
                                Gate     Net
    Cell:in->out      fanout   Delay   Delay  Logical Name (Net Name)
    ----------------------------------------  ------------
     FDRE:C->Q           165   0.514   1.112  DD/address_4 (DD/address_4)
     LUT4:I3->O            1   0.612   0.426  DD/rom/Mrom_data1101_152_SW0 (N90)
     LUT3:I1->O            2   0.612   0.383  DD/rom/Mrom_data1101_152 (DD/rom/Mrom_data1101_152)
     LUT4:I3->O            2   0.612   0.410  DD/rom/Mrom_data1641_15_f51 (DD/rom/Mrom_data1101_14_f5)
     LUT3:I2->O            1   0.612   0.000  DD/rom/Mrom_data1641_9_f5_F (N147)
     MUXF5:I0->O           1   0.278   0.387  DD/rom/Mrom_data1641_9_f5 (DD/rom/Mrom_data1641_9_f5)
     LUT3:I2->O            1   0.612   0.000  DD/rom/Mrom_data1641_5_f5_G (N158)
     MUXF5:I1->O           2   0.278   0.449  DD/rom/Mrom_data1641_5_f5 (DD/rom/Mrom_data1641_5_f5)
     LUT4:I1->O            1   0.612   0.000  CD/data_mux0000<3>_F (N211)
     MUXF5:I0->O           1   0.278   0.000  CD/data_mux0000<3> (CD/data_mux0000<3>)
     FDE:D                     0.268          CD/data_3
    ----------------------------------------
    Total                      8.454ns (5.288ns logic, 3.166ns route)
                                       (62.5% logic, 37.5% route)

=========================================================================
Timing constraint: Default OFFSET IN BEFORE for Clock 'clk50mhz'
  Total number of paths / destination ports: 230 / 164
-------------------------------------------------------------------------
Offset:              5.056ns (Levels of Logic = 3)
  Source:            reset (PAD)
  Destination:       BD8/draw (FF)
  Destination Clock: clk50mhz rising 0.5X

  Data Path: reset to BD8/draw
                                Gate     Net
    Cell:in->out      fanout   Delay   Delay  Logical Name (Net Name)
    ----------------------------------------  ------------
     IBUF:I->O            56   1.106   1.148  reset_IBUF (reset_IBUF)
     LUT2:I1->O            1   0.612   0.426  BD8/draw_or0000_SW1 (N177)
     LUT4:I1->O            1   0.612   0.357  BD8/draw_or0000 (BD8/draw_or0000)
     FDR:R                     0.795          BD8/draw
    ----------------------------------------
    Total                      5.056ns (3.125ns logic, 1.931ns route)
                                       (61.8% logic, 38.2% route)

=========================================================================
Timing constraint: Default OFFSET OUT AFTER for Clock 'clk50mhz'
  Total number of paths / destination ports: 16 / 16
-------------------------------------------------------------------------
Offset:              4.182ns (Levels of Logic = 1)
  Source:            SB/contador_balas_0 (FF)
  Destination:       led<0> (PAD)
  Source Clock:      clk50mhz rising 0.5X

  Data Path: SB/contador_balas_0 to led<0>
                                Gate     Net
    Cell:in->out      fanout   Delay   Delay  Logical Name (Net Name)
    ----------------------------------------  ------------
     FDRE:C->Q             4   0.514   0.499  SB/contador_balas_0 (SB/contador_balas_0)
     OBUF:I->O                 3.169          led_0_OBUF (led<0>)
    ----------------------------------------
    Total                      4.182ns (3.683ns logic, 0.499ns route)
                                       (88.1% logic, 11.9% route)

=========================================================================


Total REAL time to Xst completion: 9.00 secs
Total CPU time to Xst completion: 9.32 secs
 
--> 

Total memory usage is 219520 kilobytes

Number of errors   :    0 (   0 filtered)
Number of warnings :   13 (   0 filtered)
Number of infos    :   12 (   0 filtered)

