Release 14.7 Map P.20131013 (nt)
Xilinx Mapping Report File for Design 'Main'

Design Information
------------------
Command Line   : map -intstyle ise -p xc3s500e-ft256-5 -cm area -ir off -pr off
-c 100 -o Main_map.ncd Main.ngd Main.pcf 
Target Device  : xc3s500e
Target Package : ft256
Target Speed   : -5
Mapper Version : spartan3e -- $Revision: 1.55 $
Mapped Date    : Sat Sep 24 16:57:28 2016

Design Summary
--------------
Number of errors:      0
Number of warnings:    7
Logic Utilization:
  Number of Slice Flip Flops:           298 out of   9,312    3%
  Number of 4 input LUTs:             1,132 out of   9,312   12%
Logic Distribution:
  Number of occupied Slices:            744 out of   4,656   15%
    Number of Slices containing only related logic:     744 out of     744 100%
    Number of Slices containing unrelated logic:          0 out of     744   0%
      *See NOTES below for an explanation of the effects of unrelated logic.
  Total Number of 4 input LUTs:       1,323 out of   9,312   14%
    Number used as logic:             1,132
    Number used as a route-thru:        191

  The Slice Logic Distribution report is not meaningful if the design is
  over-mapped for a non-slice resource or if Placement fails.

  Number of bonded IOBs:                 21 out of     190   11%
  Number of BUFGMUXs:                     1 out of      24    4%
  Number of DCMs:                         1 out of       4   25%

Average Fanout of Non-Clock Nets:                3.26

Peak Memory Usage:  211 MB
Total REAL time to MAP completion:  1 secs 
Total CPU time to MAP completion:   1 secs 

NOTES:

   Related logic is defined as being logic that shares connectivity - e.g. two
   LUTs are "related" if they share common inputs.  When assembling slices,
   Map gives priority to combine logic that is related.  Doing so results in
   the best timing performance.

   Unrelated logic shares no connectivity.  Map will only begin packing
   unrelated logic into a slice once 99% of the slices are occupied through
   related logic packing.

   Note that once logic distribution reaches the 99% level through related
   logic packing, this does not mean the device is completely utilized.
   Unrelated logic packing will then begin, continuing until all usable LUTs
   and FFs are occupied.  Depending on your timing budget, increased levels of
   unrelated logic packing may adversely affect the overall timing performance
   of your design.

Table of Contents
-----------------
Section 1 - Errors
Section 2 - Warnings
Section 3 - Informational
Section 4 - Removed Logic Summary
Section 5 - Removed Logic
Section 6 - IOB Properties
Section 7 - RPMs
Section 8 - Guide Report
Section 9 - Area Group and Partition Summary
Section 10 - Timing Report
Section 11 - Configuration String Information
Section 12 - Control Set Information
Section 13 - Utilization by Hierarchy

Section 1 - Errors
------------------

Section 2 - Warnings
--------------------
WARNING:Pack:266 - The function generator DD/rom/Mrom_data481_181 failed to
   merge with F5 multiplexer DD/rom/Mrom_data1112_17_f5.  There is a conflict
   for the FXMUX.  The design will exhibit suboptimal timing.
WARNING:Pack:266 - The function generator DD/rom/Mrom_data2131_133 failed to
   merge with F5 multiplexer DD/rom/Mrom_data2631_12_f5_1.  There is a conflict
   for the FXMUX.  The design will exhibit suboptimal timing.
WARNING:Pack:266 - The function generator DD/rom/Mrom_data2131_135 failed to
   merge with F5 multiplexer DD/rom/Mrom_data2631_12_f5_3.  There is a conflict
   for the FXMUX.  The design will exhibit suboptimal timing.
WARNING:Pack:266 - The function generator DD/rom/Mrom_data2131_136 failed to
   merge with F5 multiplexer DD/rom/Mrom_data2631_12_f5_4.  There is a conflict
   for the FXMUX.  The design will exhibit suboptimal timing.
WARNING:Pack:266 - The function generator DD/rom/Mrom_data2131_153 failed to
   merge with F5 multiplexer DD/rom/Mrom_data2631_14_f5_0.  There is a conflict
   for the FXMUX.  The design will exhibit suboptimal timing.
WARNING:Pack:266 - The function generator DD/rom/Mrom_data481_142 failed to
   merge with F5 multiplexer DD/rom/Mrom_data1112_13_f5_1.  There is a conflict
   for the FXMUX.  The design will exhibit suboptimal timing.
WARNING:Pack:266 - The function generator DD/rom/Mrom_data481_152 failed to
   merge with F5 multiplexer DD/rom/Mrom_data1112_14_f5_0.  There is a conflict
   for the FXMUX.  The design will exhibit suboptimal timing.

Section 3 - Informational
-------------------------
INFO:MapLib:562 - No environment variables are currently set.
INFO:PhysDesignRules:772 - To achieve optimal frequency synthesis performance
   with the CLKFX and CLKFX180 outputs of the DCM comp vga_clock_dcm, consult
   the device Interactive Data Sheet.

Section 4 - Removed Logic Summary
---------------------------------
   2 block(s) optimized away

Section 5 - Removed Logic
-------------------------

Optimized Block(s):
TYPE 		BLOCK
GND 		XST_GND
VCC 		XST_VCC

To enable printing of redundant blocks removed and signals merged, set the
detailed map report option and rerun map.

Section 6 - IOB Properties
--------------------------

+---------------------------------------------------------------------------------------------------------------------------------------------------------+
| IOB Name                           | Type             | Direction | IO Standard          | Diff  | Drive    | Slew | Reg (s)      | Resistor | IOB      |
|                                    |                  |           |                      | Term  | Strength | Rate |              |          | Delay    |
+---------------------------------------------------------------------------------------------------------------------------------------------------------+
| blue_out<0>                        | IOB              | OUTPUT    | LVCMOS33             |       | 8        | FAST |              |          | 0 / 0    |
| blue_out<1>                        | IOB              | OUTPUT    | LVCMOS33             |       | 8        | FAST |              |          | 0 / 0    |
| clk50mhz                           | IBUF             | INPUT     | LVCMOS25             |       |          |      |              |          | 0 / 0    |
| der                                | IBUF             | INPUT     | LVCMOS33             |       |          |      |              |          | 0 / 0    |
| fire                               | IBUF             | INPUT     | LVCMOS33             |       |          |      |              |          | 0 / 0    |
| green_out<0>                       | IOB              | OUTPUT    | LVCMOS33             |       | 8        | FAST |              |          | 0 / 0    |
| green_out<1>                       | IOB              | OUTPUT    | LVCMOS33             |       | 8        | FAST |              |          | 0 / 0    |
| hsync                              | IOB              | OUTPUT    | LVCMOS33             |       | 8        | FAST |              |          | 0 / 0    |
| izq                                | IBUF             | INPUT     | LVCMOS33             |       |          |      |              |          | 0 / 0    |
| led<0>                             | IOB              | OUTPUT    | LVCMOS33             |       | 8        | SLOW |              |          | 0 / 0    |
| led<1>                             | IOB              | OUTPUT    | LVCMOS33             |       | 8        | SLOW |              |          | 0 / 0    |
| led<2>                             | IOB              | OUTPUT    | LVCMOS33             |       | 8        | SLOW |              |          | 0 / 0    |
| led<3>                             | IOB              | OUTPUT    | LVCMOS33             |       | 8        | SLOW |              |          | 0 / 0    |
| led<4>                             | IOB              | OUTPUT    | LVCMOS33             |       | 8        | SLOW |              |          | 0 / 0    |
| led<5>                             | IOB              | OUTPUT    | LVCMOS33             |       | 8        | SLOW |              |          | 0 / 0    |
| led<6>                             | IOB              | OUTPUT    | LVCMOS33             |       | 8        | SLOW |              |          | 0 / 0    |
| led<7>                             | IOB              | OUTPUT    | LVCMOS33             |       | 8        | SLOW |              |          | 0 / 0    |
| red_out<0>                         | IOB              | OUTPUT    | LVCMOS33             |       | 8        | FAST |              |          | 0 / 0    |
| red_out<1>                         | IOB              | OUTPUT    | LVCMOS33             |       | 8        | FAST |              |          | 0 / 0    |
| reset                              | IBUF             | INPUT     | LVCMOS33             |       |          |      |              |          | 0 / 0    |
| vsync                              | IOB              | OUTPUT    | LVCMOS33             |       | 8        | FAST |              |          | 0 / 0    |
+---------------------------------------------------------------------------------------------------------------------------------------------------------+

Section 7 - RPMs
----------------

Section 8 - Guide Report
------------------------
Guide not run on this design.

Section 9 - Area Group and Partition Summary
--------------------------------------------

Partition Implementation Status
-------------------------------

  No Partitions were found in this design.

-------------------------------

Area Group Information
----------------------

  No area groups were found in this design.

----------------------

Section 10 - Timing Report
--------------------------
This design was not run using timing mode.

Section 11 - Configuration String Details
-----------------------------------------
Use the "-detail" map option to print out Configuration Strings

Section 12 - Control Set Information
------------------------------------
No control set information for this architecture.

Section 13 - Utilization by Hierarchy
-------------------------------------
Use the "-detail" map option to print out the Utilization by Hierarchy section.
