--------------------------------------------------------------------------------
Release 14.7 Trace  (nt)
Copyright (c) 1995-2013 Xilinx, Inc.  All rights reserved.

C:\Xilinx\14.7\ISE_DS\ISE\bin\nt\unwrapped\trce.exe -intstyle ise -v 3 -s 5 -n
3 -fastpaths -xml Main.twx Main.ncd -o Main.twr Main.pcf -ucf Mapeo.ucf

Design file:              Main.ncd
Physical constraint file: Main.pcf
Device,package,speed:     xc3s500e,ft256,-5 (PRODUCTION 1.27 2013-10-13)
Report level:             verbose report

Environment Variable      Effect 
--------------------      ------ 
NONE                      No environment variables were set
--------------------------------------------------------------------------------

INFO:Timing:2698 - No timing constraints found, doing default enumeration.
INFO:Timing:3412 - To improve timing, see the Timing Closure User Guide (UG612).
INFO:Timing:2752 - To get complete path coverage, use the unconstrained paths 
   option. All paths that are not constrained will be reported in the 
   unconstrained paths section(s) of the report.
INFO:Timing:3339 - The clock-to-out numbers in this timing report are based on 
   a 50 Ohm transmission line loading model.  For the details of this model, 
   and for more information on accounting for different loading conditions, 
   please see the device datasheet.
INFO:Timing:3390 - This architecture does not support a default System Jitter 
   value, please add SYSTEM_JITTER constraint to the UCF to modify the Clock 
   Uncertainty calculation.
INFO:Timing:3389 - This architecture does not support 'Discrete Jitter' and 
   'Phase Error' calculations, these terms will be zero in the Clock 
   Uncertainty calculation.  Please make appropriate modification to 
   SYSTEM_JITTER to account for the unsupported Discrete Jitter and Phase 
   Error.



Data Sheet report:
-----------------
All values displayed in nanoseconds (ns)

Setup/Hold to clock clk50mhz
------------+------------+------------+------------------+--------+
            |Max Setup to|Max Hold to |                  | Clock  |
Source      | clk (edge) | clk (edge) |Internal Clock(s) | Phase  |
------------+------------+------------+------------------+--------+
der         |    2.038(R)|   -0.066(R)|vga_clk           |   0.000|
fire        |    5.307(R)|   -0.129(R)|vga_clk           |   0.000|
izq         |    2.625(R)|    0.441(R)|vga_clk           |   0.000|
reset       |    6.870(R)|    0.405(R)|vga_clk           |   0.000|
------------+------------+------------+------------------+--------+

Clock clk50mhz to Pad
------------+------------+------------------+--------+
            | clk (edge) |                  | Clock  |
Destination |   to PAD   |Internal Clock(s) | Phase  |
------------+------------+------------------+--------+
blue_out<0> |    8.435(R)|vga_clk           |   0.000|
blue_out<1> |    8.208(R)|vga_clk           |   0.000|
green_out<0>|    9.215(R)|vga_clk           |   0.000|
green_out<1>|    9.076(R)|vga_clk           |   0.000|
hsync       |    8.133(R)|vga_clk           |   0.000|
led<0>      |    8.354(R)|vga_clk           |   0.000|
led<1>      |    8.725(R)|vga_clk           |   0.000|
led<2>      |    8.368(R)|vga_clk           |   0.000|
led<3>      |    9.164(R)|vga_clk           |   0.000|
led<4>      |    9.544(R)|vga_clk           |   0.000|
led<5>      |    9.462(R)|vga_clk           |   0.000|
led<6>      |    9.153(R)|vga_clk           |   0.000|
led<7>      |    9.396(R)|vga_clk           |   0.000|
red_out<0>  |    8.277(R)|vga_clk           |   0.000|
red_out<1>  |    8.965(R)|vga_clk           |   0.000|
vsync       |    8.678(R)|vga_clk           |   0.000|
------------+------------+------------------+--------+

Clock to Setup on destination clock clk50mhz
---------------+---------+---------+---------+---------+
               | Src:Rise| Src:Fall| Src:Rise| Src:Fall|
Source Clock   |Dest:Rise|Dest:Rise|Dest:Fall|Dest:Fall|
---------------+---------+---------+---------+---------+
clk50mhz       |   11.908|         |         |         |
---------------+---------+---------+---------+---------+


Analysis completed Sat Sep 24 16:57:54 2016 
--------------------------------------------------------------------------------

Trace Settings:
-------------------------
Trace Settings 

Peak Memory Usage: 122 MB



